<?xml version="1.0" encoding="UTF-8"?>
<Site BuildName="(empty)"
	BuildStamp="20241112-0418-Experimental"
	Name="(empty)"
	Generator="ctest-3.29.5-msvc4"
	CompilerName=""
	CompilerVersion=""
	OSName="Windows"
	Hostname="DESKTOP-NACPKQE"
	OSRelease=" Personal"
	OSVersion=" (Build 19045)"
	OSPlatform="AMD64"
	Is64Bits="1"
	VendorString="AuthenticAMD"
	VendorID="Advanced Micro Devices"
	FamilyID="15"
	ModelID="8"
	ProcessorCacheSize="96"
	NumberOfLogicalCPU="8"
	NumberOfPhysicalCPU="4"
	TotalVirtualMemory="10433"
	TotalPhysicalMemory="6081"
	LogicalProcessorsPerPhysical="2"
	ProcessorClockFrequency="2100"
	>
	<Testing>
		<StartDateTime>Nov 12 01:18 Hora oficial do Brasil</StartDateTime>
		<StartTestTime>1731385118</StartTestTime>
		<TestList/>
		<EndDateTime>Nov 12 01:18 Hora oficial do Brasil</EndDateTime>
		<EndTestTime>1731385118</EndTestTime>
		<ElapsedMinutes>0</ElapsedMinutes>
	</Testing>
</Site>
